2026-02-28 16:01:58,384 - INFO - ====== WebDriver manager ======
2026-02-28 16:01:58,384 - INFO - ====== WebDriver manager ======
2026-02-28 16:01:58,384 - INFO - ====== WebDriver manager ======
2026-02-28 16:02:00,359 - INFO - Get LATEST chromedriver version for google-chrome
2026-02-28 16:02:00,359 - INFO - Get LATEST chromedriver version for google-chrome
2026-02-28 16:02:00,359 - INFO - Get LATEST chromedriver version for google-chrome
2026-02-28 16:02:01,089 - INFO - Get LATEST chromedriver version for google-chrome
2026-02-28 16:02:01,089 - INFO - Get LATEST chromedriver version for google-chrome
2026-02-28 16:02:01,089 - INFO - Get LATEST chromedriver version for google-chrome
2026-02-28 16:02:02,402 - INFO - Driver [C:\Users\Vinu\.wdm\drivers\chromedriver\win64\145.0.7632.117\chromedriver-win32/chromedriver.exe] found in cache
2026-02-28 16:02:02,402 - INFO - Driver [C:\Users\Vinu\.wdm\drivers\chromedriver\win64\145.0.7632.117\chromedriver-win32/chromedriver.exe] found in cache
2026-02-28 16:02:02,402 - INFO - Driver [C:\Users\Vinu\.wdm\drivers\chromedriver\win64\145.0.7632.117\chromedriver-win32/chromedriver.exe] found in cache
2026-02-28 16:02:14,908 - INFO - ====== WebDriver manager ======
2026-02-28 16:02:14,908 - INFO - ====== WebDriver manager ======
2026-02-28 16:02:14,908 - INFO - ====== WebDriver manager ======
2026-02-28 16:02:16,612 - INFO - Get LATEST chromedriver version for google-chrome
2026-02-28 16:02:16,612 - INFO - Get LATEST chromedriver version for google-chrome
2026-02-28 16:02:16,612 - INFO - Get LATEST chromedriver version for google-chrome
2026-02-28 16:02:17,288 - INFO - Get LATEST chromedriver version for google-chrome
2026-02-28 16:02:17,288 - INFO - Get LATEST chromedriver version for google-chrome
2026-02-28 16:02:17,288 - INFO - Get LATEST chromedriver version for google-chrome
2026-02-28 16:02:18,220 - INFO - Driver [C:\Users\Vinu\.wdm\drivers\chromedriver\win64\145.0.7632.117\chromedriver-win32/chromedriver.exe] found in cache
2026-02-28 16:02:18,220 - INFO - Driver [C:\Users\Vinu\.wdm\drivers\chromedriver\win64\145.0.7632.117\chromedriver-win32/chromedriver.exe] found in cache
2026-02-28 16:02:18,220 - INFO - Driver [C:\Users\Vinu\.wdm\drivers\chromedriver\win64\145.0.7632.117\chromedriver-win32/chromedriver.exe] found in cache
2026-02-28 16:02:22,156 - INFO - Starting Electronics Page Test
2026-02-28 16:02:22,156 - INFO - Starting Electronics Page Test
2026-02-28 16:02:22,156 - INFO - Starting Electronics Page Test
2026-02-28 16:02:22,963 - INFO - Electronics Page Test Completed
2026-02-28 16:02:22,963 - INFO - Electronics Page Test Completed
2026-02-28 16:02:22,963 - INFO - Electronics Page Test Completed
2026-02-28 16:02:29,333 - INFO - ====== WebDriver manager ======
2026-02-28 16:02:29,333 - INFO - ====== WebDriver manager ======
2026-02-28 16:02:29,333 - INFO - ====== WebDriver manager ======
2026-02-28 16:02:30,982 - INFO - Get LATEST chromedriver version for google-chrome
2026-02-28 16:02:30,982 - INFO - Get LATEST chromedriver version for google-chrome
2026-02-28 16:02:30,982 - INFO - Get LATEST chromedriver version for google-chrome
2026-02-28 16:02:32,140 - INFO - Get LATEST chromedriver version for google-chrome
2026-02-28 16:02:32,140 - INFO - Get LATEST chromedriver version for google-chrome
2026-02-28 16:02:32,140 - INFO - Get LATEST chromedriver version for google-chrome
2026-02-28 16:02:32,930 - INFO - Driver [C:\Users\Vinu\.wdm\drivers\chromedriver\win64\145.0.7632.117\chromedriver-win32/chromedriver.exe] found in cache
2026-02-28 16:02:32,930 - INFO - Driver [C:\Users\Vinu\.wdm\drivers\chromedriver\win64\145.0.7632.117\chromedriver-win32/chromedriver.exe] found in cache
2026-02-28 16:02:32,930 - INFO - Driver [C:\Users\Vinu\.wdm\drivers\chromedriver\win64\145.0.7632.117\chromedriver-win32/chromedriver.exe] found in cache
2026-02-28 16:02:36,817 - INFO - Starting Camera Page Test
2026-02-28 16:02:36,817 - INFO - Starting Camera Page Test
2026-02-28 16:02:36,817 - INFO - Starting Camera Page Test
2026-02-28 16:02:39,792 - INFO - Camera Page Test Completed
2026-02-28 16:02:39,792 - INFO - Camera Page Test Completed
2026-02-28 16:02:39,792 - INFO - Camera Page Test Completed
2026-02-28 16:02:46,166 - INFO - ====== WebDriver manager ======
2026-02-28 16:02:46,166 - INFO - ====== WebDriver manager ======
2026-02-28 16:02:46,166 - INFO - ====== WebDriver manager ======
2026-02-28 16:02:47,858 - INFO - Get LATEST chromedriver version for google-chrome
2026-02-28 16:02:47,858 - INFO - Get LATEST chromedriver version for google-chrome
2026-02-28 16:02:47,858 - INFO - Get LATEST chromedriver version for google-chrome
2026-02-28 16:02:49,204 - INFO - Get LATEST chromedriver version for google-chrome
2026-02-28 16:02:49,204 - INFO - Get LATEST chromedriver version for google-chrome
2026-02-28 16:02:49,204 - INFO - Get LATEST chromedriver version for google-chrome
2026-02-28 16:02:50,538 - INFO - Driver [C:\Users\Vinu\.wdm\drivers\chromedriver\win64\145.0.7632.117\chromedriver-win32/chromedriver.exe] found in cache
2026-02-28 16:02:50,538 - INFO - Driver [C:\Users\Vinu\.wdm\drivers\chromedriver\win64\145.0.7632.117\chromedriver-win32/chromedriver.exe] found in cache
2026-02-28 16:02:50,538 - INFO - Driver [C:\Users\Vinu\.wdm\drivers\chromedriver\win64\145.0.7632.117\chromedriver-win32/chromedriver.exe] found in cache
2026-02-28 16:02:54,017 - INFO - Starting CellPhone Page Test
2026-02-28 16:02:54,017 - INFO - Starting CellPhone Page Test
2026-02-28 16:02:54,017 - INFO - Starting CellPhone Page Test
2026-02-28 16:02:55,542 - INFO - CellPhone Page Test Completed
2026-02-28 16:02:55,542 - INFO - CellPhone Page Test Completed
2026-02-28 16:02:55,542 - INFO - CellPhone Page Test Completed
2026-02-28 16:03:01,917 - INFO - ====== WebDriver manager ======
2026-02-28 16:03:01,917 - INFO - ====== WebDriver manager ======
2026-02-28 16:03:01,917 - INFO - ====== WebDriver manager ======
2026-02-28 16:03:03,609 - INFO - Get LATEST chromedriver version for google-chrome
2026-02-28 16:03:03,609 - INFO - Get LATEST chromedriver version for google-chrome
2026-02-28 16:03:03,609 - INFO - Get LATEST chromedriver version for google-chrome
2026-02-28 16:03:05,191 - INFO - Get LATEST chromedriver version for google-chrome
2026-02-28 16:03:05,191 - INFO - Get LATEST chromedriver version for google-chrome
2026-02-28 16:03:05,191 - INFO - Get LATEST chromedriver version for google-chrome
2026-02-28 16:03:06,200 - INFO - Driver [C:\Users\Vinu\.wdm\drivers\chromedriver\win64\145.0.7632.117\chromedriver-win32/chromedriver.exe] found in cache
2026-02-28 16:03:06,200 - INFO - Driver [C:\Users\Vinu\.wdm\drivers\chromedriver\win64\145.0.7632.117\chromedriver-win32/chromedriver.exe] found in cache
2026-02-28 16:03:06,200 - INFO - Driver [C:\Users\Vinu\.wdm\drivers\chromedriver\win64\145.0.7632.117\chromedriver-win32/chromedriver.exe] found in cache
2026-02-28 16:03:10,952 - INFO - Starting Register Test
2026-02-28 16:03:10,952 - INFO - Starting Register Test
2026-02-28 16:03:10,952 - INFO - Starting Register Test
2026-02-28 16:03:10,952 - INFO - Starting user registration
2026-02-28 16:03:10,952 - INFO - Starting user registration
2026-02-28 16:03:10,952 - INFO - Starting user registration
2026-02-28 16:03:11,614 - INFO - Clicked on Register link
2026-02-28 16:03:11,614 - INFO - Clicked on Register link
2026-02-28 16:03:11,614 - INFO - Clicked on Register link
2026-02-28 16:03:11,868 - INFO - Generated Email: test_kllig@gmail.com
2026-02-28 16:03:11,868 - INFO - Generated Email: test_kllig@gmail.com
2026-02-28 16:03:11,868 - INFO - Generated Email: test_kllig@gmail.com
2026-02-28 16:03:13,826 - INFO - Clicked on Register button
2026-02-28 16:03:13,826 - INFO - Clicked on Register button
2026-02-28 16:03:13,826 - INFO - Clicked on Register button
2026-02-28 16:03:13,838 - INFO - Register Test Completed
2026-02-28 16:03:13,838 - INFO - Register Test Completed
2026-02-28 16:03:13,838 - INFO - Register Test Completed
