2026-02-28 15:45:12,570 - INFO - ====== WebDriver manager ======
2026-02-28 15:45:12,570 - INFO - ====== WebDriver manager ======
2026-02-28 15:45:15,041 - INFO - Get LATEST chromedriver version for google-chrome
2026-02-28 15:45:15,041 - INFO - Get LATEST chromedriver version for google-chrome
2026-02-28 15:45:16,333 - INFO - Get LATEST chromedriver version for google-chrome
2026-02-28 15:45:16,333 - INFO - Get LATEST chromedriver version for google-chrome
2026-02-28 15:45:17,075 - INFO - Driver [C:\Users\Vinu\.wdm\drivers\chromedriver\win64\145.0.7632.117\chromedriver-win32/chromedriver.exe] found in cache
2026-02-28 15:45:17,075 - INFO - Driver [C:\Users\Vinu\.wdm\drivers\chromedriver\win64\145.0.7632.117\chromedriver-win32/chromedriver.exe] found in cache
2026-02-28 15:45:34,525 - INFO - ====== WebDriver manager ======
2026-02-28 15:45:34,525 - INFO - ====== WebDriver manager ======
2026-02-28 15:45:36,257 - INFO - Get LATEST chromedriver version for google-chrome
2026-02-28 15:45:36,257 - INFO - Get LATEST chromedriver version for google-chrome
2026-02-28 15:45:36,598 - INFO - Get LATEST chromedriver version for google-chrome
2026-02-28 15:45:36,598 - INFO - Get LATEST chromedriver version for google-chrome
2026-02-28 15:45:36,981 - INFO - Driver [C:\Users\Vinu\.wdm\drivers\chromedriver\win64\145.0.7632.117\chromedriver-win32/chromedriver.exe] found in cache
2026-02-28 15:45:36,981 - INFO - Driver [C:\Users\Vinu\.wdm\drivers\chromedriver\win64\145.0.7632.117\chromedriver-win32/chromedriver.exe] found in cache
2026-02-28 15:45:44,224 - INFO - Starting Register Test
2026-02-28 15:45:44,224 - INFO - Starting Register Test
2026-02-28 15:45:44,225 - INFO - Starting user registration
2026-02-28 15:45:44,225 - INFO - Starting user registration
2026-02-28 15:45:45,362 - INFO - Clicked on Register link
2026-02-28 15:45:45,362 - INFO - Clicked on Register link
2026-02-28 15:45:45,544 - INFO - Generated Email: test_slsbr@gmail.com
2026-02-28 15:45:45,544 - INFO - Generated Email: test_slsbr@gmail.com
2026-02-28 15:45:47,495 - INFO - Clicked on Register button
2026-02-28 15:45:47,495 - INFO - Clicked on Register button
2026-02-28 15:45:47,512 - INFO - Register Test Completed
2026-02-28 15:45:47,512 - INFO - Register Test Completed
