2026-02-28 23:29:10,987 - INFO - ====== WebDriver manager ======
2026-02-28 23:29:10,987 - INFO - ====== WebDriver manager ======
2026-02-28 23:29:10,987 - INFO - ====== WebDriver manager ======
2026-02-28 23:29:12,403 - INFO - Get LATEST chromedriver version for google-chrome
2026-02-28 23:29:12,403 - INFO - Get LATEST chromedriver version for google-chrome
2026-02-28 23:29:12,403 - INFO - Get LATEST chromedriver version for google-chrome
2026-02-28 23:29:12,735 - INFO - Get LATEST chromedriver version for google-chrome
2026-02-28 23:29:12,735 - INFO - Get LATEST chromedriver version for google-chrome
2026-02-28 23:29:12,735 - INFO - Get LATEST chromedriver version for google-chrome
2026-02-28 23:29:12,941 - INFO - Driver [C:\Users\Vinu\.wdm\drivers\chromedriver\win64\145.0.7632.117\chromedriver-win32/chromedriver.exe] found in cache
2026-02-28 23:29:12,941 - INFO - Driver [C:\Users\Vinu\.wdm\drivers\chromedriver\win64\145.0.7632.117\chromedriver-win32/chromedriver.exe] found in cache
2026-02-28 23:29:12,941 - INFO - Driver [C:\Users\Vinu\.wdm\drivers\chromedriver\win64\145.0.7632.117\chromedriver-win32/chromedriver.exe] found in cache
2026-02-28 23:29:24,928 - INFO - ====== WebDriver manager ======
2026-02-28 23:29:24,928 - INFO - ====== WebDriver manager ======
2026-02-28 23:29:24,928 - INFO - ====== WebDriver manager ======
2026-02-28 23:29:26,113 - INFO - Get LATEST chromedriver version for google-chrome
2026-02-28 23:29:26,113 - INFO - Get LATEST chromedriver version for google-chrome
2026-02-28 23:29:26,113 - INFO - Get LATEST chromedriver version for google-chrome
2026-02-28 23:29:26,305 - INFO - Get LATEST chromedriver version for google-chrome
2026-02-28 23:29:26,305 - INFO - Get LATEST chromedriver version for google-chrome
2026-02-28 23:29:26,305 - INFO - Get LATEST chromedriver version for google-chrome
2026-02-28 23:29:26,506 - INFO - Driver [C:\Users\Vinu\.wdm\drivers\chromedriver\win64\145.0.7632.117\chromedriver-win32/chromedriver.exe] found in cache
2026-02-28 23:29:26,506 - INFO - Driver [C:\Users\Vinu\.wdm\drivers\chromedriver\win64\145.0.7632.117\chromedriver-win32/chromedriver.exe] found in cache
2026-02-28 23:29:26,506 - INFO - Driver [C:\Users\Vinu\.wdm\drivers\chromedriver\win64\145.0.7632.117\chromedriver-win32/chromedriver.exe] found in cache
2026-02-28 23:29:29,761 - INFO - Starting Electronics Page Test
2026-02-28 23:29:29,761 - INFO - Starting Electronics Page Test
2026-02-28 23:29:29,761 - INFO - Starting Electronics Page Test
2026-02-28 23:29:30,449 - INFO - Electronics Page Test Completed
2026-02-28 23:29:30,449 - INFO - Electronics Page Test Completed
2026-02-28 23:29:30,449 - INFO - Electronics Page Test Completed
2026-02-28 23:29:36,821 - INFO - ====== WebDriver manager ======
2026-02-28 23:29:36,821 - INFO - ====== WebDriver manager ======
2026-02-28 23:29:36,821 - INFO - ====== WebDriver manager ======
2026-02-28 23:29:37,988 - INFO - Get LATEST chromedriver version for google-chrome
2026-02-28 23:29:37,988 - INFO - Get LATEST chromedriver version for google-chrome
2026-02-28 23:29:37,988 - INFO - Get LATEST chromedriver version for google-chrome
2026-02-28 23:29:38,175 - INFO - Get LATEST chromedriver version for google-chrome
2026-02-28 23:29:38,175 - INFO - Get LATEST chromedriver version for google-chrome
2026-02-28 23:29:38,175 - INFO - Get LATEST chromedriver version for google-chrome
2026-02-28 23:29:38,364 - INFO - Driver [C:\Users\Vinu\.wdm\drivers\chromedriver\win64\145.0.7632.117\chromedriver-win32/chromedriver.exe] found in cache
2026-02-28 23:29:38,364 - INFO - Driver [C:\Users\Vinu\.wdm\drivers\chromedriver\win64\145.0.7632.117\chromedriver-win32/chromedriver.exe] found in cache
2026-02-28 23:29:38,364 - INFO - Driver [C:\Users\Vinu\.wdm\drivers\chromedriver\win64\145.0.7632.117\chromedriver-win32/chromedriver.exe] found in cache
2026-02-28 23:29:41,668 - INFO - Starting Camera Page Test
2026-02-28 23:29:41,668 - INFO - Starting Camera Page Test
2026-02-28 23:29:41,668 - INFO - Starting Camera Page Test
2026-02-28 23:29:43,103 - INFO - Camera Page Test Completed
2026-02-28 23:29:43,103 - INFO - Camera Page Test Completed
2026-02-28 23:29:43,103 - INFO - Camera Page Test Completed
2026-02-28 23:29:49,369 - INFO - ====== WebDriver manager ======
2026-02-28 23:29:49,369 - INFO - ====== WebDriver manager ======
2026-02-28 23:29:49,369 - INFO - ====== WebDriver manager ======
2026-02-28 23:29:50,551 - INFO - Get LATEST chromedriver version for google-chrome
2026-02-28 23:29:50,551 - INFO - Get LATEST chromedriver version for google-chrome
2026-02-28 23:29:50,551 - INFO - Get LATEST chromedriver version for google-chrome
2026-02-28 23:29:50,923 - INFO - Get LATEST chromedriver version for google-chrome
2026-02-28 23:29:50,923 - INFO - Get LATEST chromedriver version for google-chrome
2026-02-28 23:29:50,923 - INFO - Get LATEST chromedriver version for google-chrome
2026-02-28 23:29:51,111 - INFO - Driver [C:\Users\Vinu\.wdm\drivers\chromedriver\win64\145.0.7632.117\chromedriver-win32/chromedriver.exe] found in cache
2026-02-28 23:29:51,111 - INFO - Driver [C:\Users\Vinu\.wdm\drivers\chromedriver\win64\145.0.7632.117\chromedriver-win32/chromedriver.exe] found in cache
2026-02-28 23:29:51,111 - INFO - Driver [C:\Users\Vinu\.wdm\drivers\chromedriver\win64\145.0.7632.117\chromedriver-win32/chromedriver.exe] found in cache
2026-02-28 23:29:54,639 - INFO - Starting CellPhone Page Test
2026-02-28 23:29:54,639 - INFO - Starting CellPhone Page Test
2026-02-28 23:29:54,639 - INFO - Starting CellPhone Page Test
2026-02-28 23:29:56,038 - INFO - CellPhone Page Test Completed
2026-02-28 23:29:56,038 - INFO - CellPhone Page Test Completed
2026-02-28 23:29:56,038 - INFO - CellPhone Page Test Completed
2026-02-28 23:30:02,330 - INFO - ====== WebDriver manager ======
2026-02-28 23:30:02,330 - INFO - ====== WebDriver manager ======
2026-02-28 23:30:02,330 - INFO - ====== WebDriver manager ======
2026-02-28 23:30:03,514 - INFO - Get LATEST chromedriver version for google-chrome
2026-02-28 23:30:03,514 - INFO - Get LATEST chromedriver version for google-chrome
2026-02-28 23:30:03,514 - INFO - Get LATEST chromedriver version for google-chrome
2026-02-28 23:30:03,713 - INFO - Get LATEST chromedriver version for google-chrome
2026-02-28 23:30:03,713 - INFO - Get LATEST chromedriver version for google-chrome
2026-02-28 23:30:03,713 - INFO - Get LATEST chromedriver version for google-chrome
2026-02-28 23:30:03,911 - INFO - Driver [C:\Users\Vinu\.wdm\drivers\chromedriver\win64\145.0.7632.117\chromedriver-win32/chromedriver.exe] found in cache
2026-02-28 23:30:03,911 - INFO - Driver [C:\Users\Vinu\.wdm\drivers\chromedriver\win64\145.0.7632.117\chromedriver-win32/chromedriver.exe] found in cache
2026-02-28 23:30:03,911 - INFO - Driver [C:\Users\Vinu\.wdm\drivers\chromedriver\win64\145.0.7632.117\chromedriver-win32/chromedriver.exe] found in cache
2026-02-28 23:30:07,327 - INFO - Starting Hovering Page Test
2026-02-28 23:30:07,327 - INFO - Starting Hovering Page Test
2026-02-28 23:30:07,327 - INFO - Starting Hovering Page Test
2026-02-28 23:30:14,013 - INFO - ====== WebDriver manager ======
2026-02-28 23:30:14,013 - INFO - ====== WebDriver manager ======
2026-02-28 23:30:14,013 - INFO - ====== WebDriver manager ======
2026-02-28 23:30:15,246 - INFO - Get LATEST chromedriver version for google-chrome
2026-02-28 23:30:15,246 - INFO - Get LATEST chromedriver version for google-chrome
2026-02-28 23:30:15,246 - INFO - Get LATEST chromedriver version for google-chrome
2026-02-28 23:30:15,449 - INFO - Get LATEST chromedriver version for google-chrome
2026-02-28 23:30:15,449 - INFO - Get LATEST chromedriver version for google-chrome
2026-02-28 23:30:15,449 - INFO - Get LATEST chromedriver version for google-chrome
2026-02-28 23:30:15,642 - INFO - Driver [C:\Users\Vinu\.wdm\drivers\chromedriver\win64\145.0.7632.117\chromedriver-win32/chromedriver.exe] found in cache
2026-02-28 23:30:15,642 - INFO - Driver [C:\Users\Vinu\.wdm\drivers\chromedriver\win64\145.0.7632.117\chromedriver-win32/chromedriver.exe] found in cache
2026-02-28 23:30:15,642 - INFO - Driver [C:\Users\Vinu\.wdm\drivers\chromedriver\win64\145.0.7632.117\chromedriver-win32/chromedriver.exe] found in cache
2026-02-28 23:30:19,032 - INFO - Starting Sorting High to Low Prices
2026-02-28 23:30:19,032 - INFO - Starting Sorting High to Low Prices
2026-02-28 23:30:19,032 - INFO - Starting Sorting High to Low Prices
2026-02-28 23:30:23,295 - INFO - ====== WebDriver manager ======
2026-02-28 23:30:23,295 - INFO - ====== WebDriver manager ======
2026-02-28 23:30:23,295 - INFO - ====== WebDriver manager ======
2026-02-28 23:30:24,459 - INFO - Get LATEST chromedriver version for google-chrome
2026-02-28 23:30:24,459 - INFO - Get LATEST chromedriver version for google-chrome
2026-02-28 23:30:24,459 - INFO - Get LATEST chromedriver version for google-chrome
2026-02-28 23:30:24,749 - INFO - Get LATEST chromedriver version for google-chrome
2026-02-28 23:30:24,749 - INFO - Get LATEST chromedriver version for google-chrome
2026-02-28 23:30:24,749 - INFO - Get LATEST chromedriver version for google-chrome
2026-02-28 23:30:24,953 - INFO - Driver [C:\Users\Vinu\.wdm\drivers\chromedriver\win64\145.0.7632.117\chromedriver-win32/chromedriver.exe] found in cache
2026-02-28 23:30:24,953 - INFO - Driver [C:\Users\Vinu\.wdm\drivers\chromedriver\win64\145.0.7632.117\chromedriver-win32/chromedriver.exe] found in cache
2026-02-28 23:30:24,953 - INFO - Driver [C:\Users\Vinu\.wdm\drivers\chromedriver\win64\145.0.7632.117\chromedriver-win32/chromedriver.exe] found in cache
2026-02-28 23:30:41,097 - INFO - ====== WebDriver manager ======
2026-02-28 23:30:41,097 - INFO - ====== WebDriver manager ======
2026-02-28 23:30:41,097 - INFO - ====== WebDriver manager ======
2026-02-28 23:30:42,342 - INFO - Get LATEST chromedriver version for google-chrome
2026-02-28 23:30:42,342 - INFO - Get LATEST chromedriver version for google-chrome
2026-02-28 23:30:42,342 - INFO - Get LATEST chromedriver version for google-chrome
2026-02-28 23:30:42,545 - INFO - Get LATEST chromedriver version for google-chrome
2026-02-28 23:30:42,545 - INFO - Get LATEST chromedriver version for google-chrome
2026-02-28 23:30:42,545 - INFO - Get LATEST chromedriver version for google-chrome
2026-02-28 23:30:42,741 - INFO - Driver [C:\Users\Vinu\.wdm\drivers\chromedriver\win64\145.0.7632.117\chromedriver-win32/chromedriver.exe] found in cache
2026-02-28 23:30:42,741 - INFO - Driver [C:\Users\Vinu\.wdm\drivers\chromedriver\win64\145.0.7632.117\chromedriver-win32/chromedriver.exe] found in cache
2026-02-28 23:30:42,741 - INFO - Driver [C:\Users\Vinu\.wdm\drivers\chromedriver\win64\145.0.7632.117\chromedriver-win32/chromedriver.exe] found in cache
2026-02-28 23:30:47,562 - INFO - Starting Register Test
2026-02-28 23:30:47,562 - INFO - Starting Register Test
2026-02-28 23:30:47,562 - INFO - Starting Register Test
2026-02-28 23:30:47,563 - INFO - Starting user registration
2026-02-28 23:30:47,563 - INFO - Starting user registration
2026-02-28 23:30:47,563 - INFO - Starting user registration
2026-02-28 23:30:48,123 - INFO - Clicked on Register link
2026-02-28 23:30:48,123 - INFO - Clicked on Register link
2026-02-28 23:30:48,123 - INFO - Clicked on Register link
2026-02-28 23:30:48,309 - INFO - Generated Email: test_izenw@gmail.com
2026-02-28 23:30:48,309 - INFO - Generated Email: test_izenw@gmail.com
2026-02-28 23:30:48,309 - INFO - Generated Email: test_izenw@gmail.com
2026-02-28 23:30:50,310 - INFO - Clicked on Register button
2026-02-28 23:30:50,310 - INFO - Clicked on Register button
2026-02-28 23:30:50,310 - INFO - Clicked on Register button
2026-02-28 23:30:50,321 - INFO - Register Test Completed
2026-02-28 23:30:50,321 - INFO - Register Test Completed
2026-02-28 23:30:50,321 - INFO - Register Test Completed
