2026-02-28 12:24:40,436 - INFO - ====== WebDriver manager ======
2026-02-28 12:24:40,436 - INFO - ====== WebDriver manager ======
2026-02-28 12:24:44,626 - INFO - Get LATEST chromedriver version for google-chrome
2026-02-28 12:24:44,626 - INFO - Get LATEST chromedriver version for google-chrome
2026-02-28 12:24:46,205 - INFO - Get LATEST chromedriver version for google-chrome
2026-02-28 12:24:46,205 - INFO - Get LATEST chromedriver version for google-chrome
2026-02-28 12:24:47,573 - INFO - Driver [C:\Users\abc\.wdm\drivers\chromedriver\win64\145.0.7632.117\chromedriver-win32/chromedriver.exe] found in cache
2026-02-28 12:24:47,573 - INFO - Driver [C:\Users\abc\.wdm\drivers\chromedriver\win64\145.0.7632.117\chromedriver-win32/chromedriver.exe] found in cache
2026-02-28 12:25:04,081 - INFO - ====== WebDriver manager ======
2026-02-28 12:25:04,081 - INFO - ====== WebDriver manager ======
2026-02-28 12:25:09,758 - INFO - Get LATEST chromedriver version for google-chrome
2026-02-28 12:25:09,758 - INFO - Get LATEST chromedriver version for google-chrome
2026-02-28 12:25:12,175 - INFO - Get LATEST chromedriver version for google-chrome
2026-02-28 12:25:12,175 - INFO - Get LATEST chromedriver version for google-chrome
2026-02-28 12:25:13,997 - INFO - Driver [C:\Users\abc\.wdm\drivers\chromedriver\win64\145.0.7632.117\chromedriver-win32/chromedriver.exe] found in cache
2026-02-28 12:25:13,997 - INFO - Driver [C:\Users\abc\.wdm\drivers\chromedriver\win64\145.0.7632.117\chromedriver-win32/chromedriver.exe] found in cache
2026-02-28 12:25:22,023 - INFO - Starting Register Test
2026-02-28 12:25:22,023 - INFO - Starting Register Test
2026-02-28 12:25:22,023 - INFO - Starting user registration
2026-02-28 12:25:22,023 - INFO - Starting user registration
2026-02-28 12:25:22,875 - INFO - Clicked on Register link
2026-02-28 12:25:22,875 - INFO - Clicked on Register link
2026-02-28 12:25:23,070 - INFO - Generated Email: test_kclal@gmail.com
2026-02-28 12:25:23,070 - INFO - Generated Email: test_kclal@gmail.com
2026-02-28 12:25:25,223 - INFO - Clicked on Register button
2026-02-28 12:25:25,223 - INFO - Clicked on Register button
2026-02-28 12:25:25,235 - INFO - Register Test Completed
2026-02-28 12:25:25,235 - INFO - Register Test Completed
