2026-02-28 18:46:05,904 - INFO - ====== WebDriver manager ======
2026-02-28 18:46:05,904 - INFO - ====== WebDriver manager ======
2026-02-28 18:46:05,904 - INFO - ====== WebDriver manager ======
2026-02-28 18:46:07,101 - INFO - Get LATEST chromedriver version for google-chrome
2026-02-28 18:46:07,101 - INFO - Get LATEST chromedriver version for google-chrome
2026-02-28 18:46:07,101 - INFO - Get LATEST chromedriver version for google-chrome
2026-02-28 18:46:07,356 - INFO - Get LATEST chromedriver version for google-chrome
2026-02-28 18:46:07,356 - INFO - Get LATEST chromedriver version for google-chrome
2026-02-28 18:46:07,356 - INFO - Get LATEST chromedriver version for google-chrome
2026-02-28 18:46:07,592 - INFO - Driver [C:\Users\Vinu\.wdm\drivers\chromedriver\win64\145.0.7632.117\chromedriver-win32/chromedriver.exe] found in cache
2026-02-28 18:46:07,592 - INFO - Driver [C:\Users\Vinu\.wdm\drivers\chromedriver\win64\145.0.7632.117\chromedriver-win32/chromedriver.exe] found in cache
2026-02-28 18:46:07,592 - INFO - Driver [C:\Users\Vinu\.wdm\drivers\chromedriver\win64\145.0.7632.117\chromedriver-win32/chromedriver.exe] found in cache
2026-02-28 18:46:19,674 - INFO - ====== WebDriver manager ======
2026-02-28 18:46:19,674 - INFO - ====== WebDriver manager ======
2026-02-28 18:46:19,674 - INFO - ====== WebDriver manager ======
2026-02-28 18:46:20,858 - INFO - Get LATEST chromedriver version for google-chrome
2026-02-28 18:46:20,858 - INFO - Get LATEST chromedriver version for google-chrome
2026-02-28 18:46:20,858 - INFO - Get LATEST chromedriver version for google-chrome
2026-02-28 18:46:21,057 - INFO - Get LATEST chromedriver version for google-chrome
2026-02-28 18:46:21,057 - INFO - Get LATEST chromedriver version for google-chrome
2026-02-28 18:46:21,057 - INFO - Get LATEST chromedriver version for google-chrome
2026-02-28 18:46:21,308 - INFO - Driver [C:\Users\Vinu\.wdm\drivers\chromedriver\win64\145.0.7632.117\chromedriver-win32/chromedriver.exe] found in cache
2026-02-28 18:46:21,308 - INFO - Driver [C:\Users\Vinu\.wdm\drivers\chromedriver\win64\145.0.7632.117\chromedriver-win32/chromedriver.exe] found in cache
2026-02-28 18:46:21,308 - INFO - Driver [C:\Users\Vinu\.wdm\drivers\chromedriver\win64\145.0.7632.117\chromedriver-win32/chromedriver.exe] found in cache
2026-02-28 18:46:23,324 - INFO - Starting Electronics Page Test
2026-02-28 18:46:23,324 - INFO - Starting Electronics Page Test
2026-02-28 18:46:23,324 - INFO - Starting Electronics Page Test
2026-02-28 18:46:25,399 - INFO - Electronics Page Test Completed
2026-02-28 18:46:25,399 - INFO - Electronics Page Test Completed
2026-02-28 18:46:25,399 - INFO - Electronics Page Test Completed
2026-02-28 18:46:31,704 - INFO - ====== WebDriver manager ======
2026-02-28 18:46:31,704 - INFO - ====== WebDriver manager ======
2026-02-28 18:46:31,704 - INFO - ====== WebDriver manager ======
2026-02-28 18:46:32,891 - INFO - Get LATEST chromedriver version for google-chrome
2026-02-28 18:46:32,891 - INFO - Get LATEST chromedriver version for google-chrome
2026-02-28 18:46:32,891 - INFO - Get LATEST chromedriver version for google-chrome
2026-02-28 18:46:33,117 - INFO - Get LATEST chromedriver version for google-chrome
2026-02-28 18:46:33,117 - INFO - Get LATEST chromedriver version for google-chrome
2026-02-28 18:46:33,117 - INFO - Get LATEST chromedriver version for google-chrome
2026-02-28 18:46:33,329 - INFO - Driver [C:\Users\Vinu\.wdm\drivers\chromedriver\win64\145.0.7632.117\chromedriver-win32/chromedriver.exe] found in cache
2026-02-28 18:46:33,329 - INFO - Driver [C:\Users\Vinu\.wdm\drivers\chromedriver\win64\145.0.7632.117\chromedriver-win32/chromedriver.exe] found in cache
2026-02-28 18:46:33,329 - INFO - Driver [C:\Users\Vinu\.wdm\drivers\chromedriver\win64\145.0.7632.117\chromedriver-win32/chromedriver.exe] found in cache
2026-02-28 18:46:36,976 - INFO - Starting Camera Page Test
2026-02-28 18:46:36,976 - INFO - Starting Camera Page Test
2026-02-28 18:46:36,976 - INFO - Starting Camera Page Test
2026-02-28 18:46:39,059 - INFO - Camera Page Test Completed
2026-02-28 18:46:39,059 - INFO - Camera Page Test Completed
2026-02-28 18:46:39,059 - INFO - Camera Page Test Completed
2026-02-28 18:46:45,371 - INFO - ====== WebDriver manager ======
2026-02-28 18:46:45,371 - INFO - ====== WebDriver manager ======
2026-02-28 18:46:45,371 - INFO - ====== WebDriver manager ======
2026-02-28 18:46:46,590 - INFO - Get LATEST chromedriver version for google-chrome
2026-02-28 18:46:46,590 - INFO - Get LATEST chromedriver version for google-chrome
2026-02-28 18:46:46,590 - INFO - Get LATEST chromedriver version for google-chrome
2026-02-28 18:46:46,822 - INFO - Get LATEST chromedriver version for google-chrome
2026-02-28 18:46:46,822 - INFO - Get LATEST chromedriver version for google-chrome
2026-02-28 18:46:46,822 - INFO - Get LATEST chromedriver version for google-chrome
2026-02-28 18:46:47,029 - INFO - Driver [C:\Users\Vinu\.wdm\drivers\chromedriver\win64\145.0.7632.117\chromedriver-win32/chromedriver.exe] found in cache
2026-02-28 18:46:47,029 - INFO - Driver [C:\Users\Vinu\.wdm\drivers\chromedriver\win64\145.0.7632.117\chromedriver-win32/chromedriver.exe] found in cache
2026-02-28 18:46:47,029 - INFO - Driver [C:\Users\Vinu\.wdm\drivers\chromedriver\win64\145.0.7632.117\chromedriver-win32/chromedriver.exe] found in cache
2026-02-28 18:46:50,410 - INFO - Starting CellPhone Page Test
2026-02-28 18:46:50,410 - INFO - Starting CellPhone Page Test
2026-02-28 18:46:50,410 - INFO - Starting CellPhone Page Test
2026-02-28 18:46:52,336 - INFO - CellPhone Page Test Completed
2026-02-28 18:46:52,336 - INFO - CellPhone Page Test Completed
2026-02-28 18:46:52,336 - INFO - CellPhone Page Test Completed
2026-02-28 18:46:58,659 - INFO - ====== WebDriver manager ======
2026-02-28 18:46:58,659 - INFO - ====== WebDriver manager ======
2026-02-28 18:46:58,659 - INFO - ====== WebDriver manager ======
2026-02-28 18:46:59,917 - INFO - Get LATEST chromedriver version for google-chrome
2026-02-28 18:46:59,917 - INFO - Get LATEST chromedriver version for google-chrome
2026-02-28 18:46:59,917 - INFO - Get LATEST chromedriver version for google-chrome
2026-02-28 18:47:00,123 - INFO - Get LATEST chromedriver version for google-chrome
2026-02-28 18:47:00,123 - INFO - Get LATEST chromedriver version for google-chrome
2026-02-28 18:47:00,123 - INFO - Get LATEST chromedriver version for google-chrome
2026-02-28 18:47:00,336 - INFO - Driver [C:\Users\Vinu\.wdm\drivers\chromedriver\win64\145.0.7632.117\chromedriver-win32/chromedriver.exe] found in cache
2026-02-28 18:47:00,336 - INFO - Driver [C:\Users\Vinu\.wdm\drivers\chromedriver\win64\145.0.7632.117\chromedriver-win32/chromedriver.exe] found in cache
2026-02-28 18:47:00,336 - INFO - Driver [C:\Users\Vinu\.wdm\drivers\chromedriver\win64\145.0.7632.117\chromedriver-win32/chromedriver.exe] found in cache
2026-02-28 18:47:03,735 - INFO - Starting Register Test
2026-02-28 18:47:03,735 - INFO - Starting Register Test
2026-02-28 18:47:03,735 - INFO - Starting Register Test
2026-02-28 18:47:03,735 - INFO - Starting user registration
2026-02-28 18:47:03,735 - INFO - Starting user registration
2026-02-28 18:47:03,735 - INFO - Starting user registration
2026-02-28 18:47:04,305 - INFO - Clicked on Register link
2026-02-28 18:47:04,305 - INFO - Clicked on Register link
2026-02-28 18:47:04,305 - INFO - Clicked on Register link
2026-02-28 18:47:04,485 - INFO - Generated Email: test_wukzt@gmail.com
2026-02-28 18:47:04,485 - INFO - Generated Email: test_wukzt@gmail.com
2026-02-28 18:47:04,485 - INFO - Generated Email: test_wukzt@gmail.com
2026-02-28 18:47:06,069 - INFO - Clicked on Register button
2026-02-28 18:47:06,069 - INFO - Clicked on Register button
2026-02-28 18:47:06,069 - INFO - Clicked on Register button
2026-02-28 18:47:06,081 - INFO - Register Test Completed
2026-02-28 18:47:06,081 - INFO - Register Test Completed
2026-02-28 18:47:06,081 - INFO - Register Test Completed
