2026-03-01 20:52:10,995 - INFO - Starting Electronics Page Test
2026-03-01 20:52:10,995 - INFO - Starting Electronics Page Test
2026-03-01 20:52:10,995 - INFO - Starting Electronics Page Test
2026-03-01 20:52:13,230 - INFO - Electronics Page Test Completed
2026-03-01 20:52:13,230 - INFO - Electronics Page Test Completed
2026-03-01 20:52:13,230 - INFO - Electronics Page Test Completed
2026-03-01 20:52:24,424 - INFO - Starting Camera Page Test
2026-03-01 20:52:24,424 - INFO - Starting Camera Page Test
2026-03-01 20:52:24,424 - INFO - Starting Camera Page Test
2026-03-01 20:52:26,454 - INFO - Camera Page Test Completed
2026-03-01 20:52:26,454 - INFO - Camera Page Test Completed
2026-03-01 20:52:26,454 - INFO - Camera Page Test Completed
2026-03-01 20:52:35,691 - INFO - Starting CellPhone Page Test
2026-03-01 20:52:35,691 - INFO - Starting CellPhone Page Test
2026-03-01 20:52:35,691 - INFO - Starting CellPhone Page Test
2026-03-01 20:52:38,488 - INFO - CellPhone Page Test Completed
2026-03-01 20:52:38,488 - INFO - CellPhone Page Test Completed
2026-03-01 20:52:38,488 - INFO - CellPhone Page Test Completed
2026-03-01 20:52:50,075 - INFO - Starting Hovering Page Test
2026-03-01 20:52:50,075 - INFO - Starting Hovering Page Test
2026-03-01 20:52:50,075 - INFO - Starting Hovering Page Test
2026-03-01 20:52:59,646 - INFO - Starting Sorting High to Low Prices
2026-03-01 20:52:59,646 - INFO - Starting Sorting High to Low Prices
2026-03-01 20:52:59,646 - INFO - Starting Sorting High to Low Prices
2026-03-01 20:54:47,563 - INFO - Starting Register Test
2026-03-01 20:54:47,563 - INFO - Starting Register Test
2026-03-01 20:54:47,563 - INFO - Starting Register Test
2026-03-01 20:54:47,563 - INFO - Starting user registration
2026-03-01 20:54:47,563 - INFO - Starting user registration
2026-03-01 20:54:47,563 - INFO - Starting user registration
2026-03-01 20:54:48,383 - INFO - Clicked on Register link
2026-03-01 20:54:48,383 - INFO - Clicked on Register link
2026-03-01 20:54:48,383 - INFO - Clicked on Register link
2026-03-01 20:54:48,772 - INFO - Generated Email: test_xrist@gmail.com
2026-03-01 20:54:48,772 - INFO - Generated Email: test_xrist@gmail.com
2026-03-01 20:54:48,772 - INFO - Generated Email: test_xrist@gmail.com
2026-03-01 20:54:51,491 - INFO - Clicked on Register button
2026-03-01 20:54:51,491 - INFO - Clicked on Register button
2026-03-01 20:54:51,491 - INFO - Clicked on Register button
2026-03-01 20:54:51,508 - INFO - Register Test Completed
2026-03-01 20:54:51,508 - INFO - Register Test Completed
2026-03-01 20:54:51,508 - INFO - Register Test Completed
