2026-02-28 23:49:00,539 - INFO - ====== WebDriver manager ======
2026-02-28 23:49:00,539 - INFO - ====== WebDriver manager ======
2026-02-28 23:49:00,539 - INFO - ====== WebDriver manager ======
2026-02-28 23:49:01,724 - INFO - Get LATEST chromedriver version for google-chrome
2026-02-28 23:49:01,724 - INFO - Get LATEST chromedriver version for google-chrome
2026-02-28 23:49:01,724 - INFO - Get LATEST chromedriver version for google-chrome
2026-02-28 23:49:01,926 - INFO - Get LATEST chromedriver version for google-chrome
2026-02-28 23:49:01,926 - INFO - Get LATEST chromedriver version for google-chrome
2026-02-28 23:49:01,926 - INFO - Get LATEST chromedriver version for google-chrome
2026-02-28 23:49:02,130 - INFO - Driver [C:\Users\Vinu\.wdm\drivers\chromedriver\win64\145.0.7632.117\chromedriver-win32/chromedriver.exe] found in cache
2026-02-28 23:49:02,130 - INFO - Driver [C:\Users\Vinu\.wdm\drivers\chromedriver\win64\145.0.7632.117\chromedriver-win32/chromedriver.exe] found in cache
2026-02-28 23:49:02,130 - INFO - Driver [C:\Users\Vinu\.wdm\drivers\chromedriver\win64\145.0.7632.117\chromedriver-win32/chromedriver.exe] found in cache
2026-02-28 23:49:13,827 - INFO - ====== WebDriver manager ======
2026-02-28 23:49:13,827 - INFO - ====== WebDriver manager ======
2026-02-28 23:49:13,827 - INFO - ====== WebDriver manager ======
2026-02-28 23:49:14,987 - INFO - Get LATEST chromedriver version for google-chrome
2026-02-28 23:49:14,987 - INFO - Get LATEST chromedriver version for google-chrome
2026-02-28 23:49:14,987 - INFO - Get LATEST chromedriver version for google-chrome
2026-02-28 23:49:15,300 - INFO - Get LATEST chromedriver version for google-chrome
2026-02-28 23:49:15,300 - INFO - Get LATEST chromedriver version for google-chrome
2026-02-28 23:49:15,300 - INFO - Get LATEST chromedriver version for google-chrome
2026-02-28 23:49:15,769 - INFO - Driver [C:\Users\Vinu\.wdm\drivers\chromedriver\win64\145.0.7632.117\chromedriver-win32/chromedriver.exe] found in cache
2026-02-28 23:49:15,769 - INFO - Driver [C:\Users\Vinu\.wdm\drivers\chromedriver\win64\145.0.7632.117\chromedriver-win32/chromedriver.exe] found in cache
2026-02-28 23:49:15,769 - INFO - Driver [C:\Users\Vinu\.wdm\drivers\chromedriver\win64\145.0.7632.117\chromedriver-win32/chromedriver.exe] found in cache
2026-02-28 23:49:20,092 - INFO - Starting Electronics Page Test
2026-02-28 23:49:20,092 - INFO - Starting Electronics Page Test
2026-02-28 23:49:20,092 - INFO - Starting Electronics Page Test
2026-02-28 23:49:21,007 - INFO - Electronics Page Test Completed
2026-02-28 23:49:21,007 - INFO - Electronics Page Test Completed
2026-02-28 23:49:21,007 - INFO - Electronics Page Test Completed
2026-02-28 23:49:27,370 - INFO - ====== WebDriver manager ======
2026-02-28 23:49:27,370 - INFO - ====== WebDriver manager ======
2026-02-28 23:49:27,370 - INFO - ====== WebDriver manager ======
2026-02-28 23:49:28,548 - INFO - Get LATEST chromedriver version for google-chrome
2026-02-28 23:49:28,548 - INFO - Get LATEST chromedriver version for google-chrome
2026-02-28 23:49:28,548 - INFO - Get LATEST chromedriver version for google-chrome
2026-02-28 23:49:29,050 - INFO - Get LATEST chromedriver version for google-chrome
2026-02-28 23:49:29,050 - INFO - Get LATEST chromedriver version for google-chrome
2026-02-28 23:49:29,050 - INFO - Get LATEST chromedriver version for google-chrome
2026-02-28 23:49:29,361 - INFO - Driver [C:\Users\Vinu\.wdm\drivers\chromedriver\win64\145.0.7632.117\chromedriver-win32/chromedriver.exe] found in cache
2026-02-28 23:49:29,361 - INFO - Driver [C:\Users\Vinu\.wdm\drivers\chromedriver\win64\145.0.7632.117\chromedriver-win32/chromedriver.exe] found in cache
2026-02-28 23:49:29,361 - INFO - Driver [C:\Users\Vinu\.wdm\drivers\chromedriver\win64\145.0.7632.117\chromedriver-win32/chromedriver.exe] found in cache
2026-02-28 23:49:33,679 - INFO - Starting Camera Page Test
2026-02-28 23:49:33,679 - INFO - Starting Camera Page Test
2026-02-28 23:49:33,679 - INFO - Starting Camera Page Test
2026-02-28 23:49:35,095 - INFO - Camera Page Test Completed
2026-02-28 23:49:35,095 - INFO - Camera Page Test Completed
2026-02-28 23:49:35,095 - INFO - Camera Page Test Completed
2026-02-28 23:49:41,416 - INFO - ====== WebDriver manager ======
2026-02-28 23:49:41,416 - INFO - ====== WebDriver manager ======
2026-02-28 23:49:41,416 - INFO - ====== WebDriver manager ======
2026-02-28 23:49:42,912 - INFO - Get LATEST chromedriver version for google-chrome
2026-02-28 23:49:42,912 - INFO - Get LATEST chromedriver version for google-chrome
2026-02-28 23:49:42,912 - INFO - Get LATEST chromedriver version for google-chrome
2026-02-28 23:49:43,143 - INFO - Get LATEST chromedriver version for google-chrome
2026-02-28 23:49:43,143 - INFO - Get LATEST chromedriver version for google-chrome
2026-02-28 23:49:43,143 - INFO - Get LATEST chromedriver version for google-chrome
2026-02-28 23:49:43,355 - INFO - Driver [C:\Users\Vinu\.wdm\drivers\chromedriver\win64\145.0.7632.117\chromedriver-win32/chromedriver.exe] found in cache
2026-02-28 23:49:43,355 - INFO - Driver [C:\Users\Vinu\.wdm\drivers\chromedriver\win64\145.0.7632.117\chromedriver-win32/chromedriver.exe] found in cache
2026-02-28 23:49:43,355 - INFO - Driver [C:\Users\Vinu\.wdm\drivers\chromedriver\win64\145.0.7632.117\chromedriver-win32/chromedriver.exe] found in cache
2026-02-28 23:49:47,560 - INFO - Starting CellPhone Page Test
2026-02-28 23:49:47,560 - INFO - Starting CellPhone Page Test
2026-02-28 23:49:47,560 - INFO - Starting CellPhone Page Test
2026-02-28 23:49:48,989 - INFO - CellPhone Page Test Completed
2026-02-28 23:49:48,989 - INFO - CellPhone Page Test Completed
2026-02-28 23:49:48,989 - INFO - CellPhone Page Test Completed
2026-02-28 23:49:55,294 - INFO - ====== WebDriver manager ======
2026-02-28 23:49:55,294 - INFO - ====== WebDriver manager ======
2026-02-28 23:49:55,294 - INFO - ====== WebDriver manager ======
2026-02-28 23:49:56,481 - INFO - Get LATEST chromedriver version for google-chrome
2026-02-28 23:49:56,481 - INFO - Get LATEST chromedriver version for google-chrome
2026-02-28 23:49:56,481 - INFO - Get LATEST chromedriver version for google-chrome
2026-02-28 23:49:56,683 - INFO - Get LATEST chromedriver version for google-chrome
2026-02-28 23:49:56,683 - INFO - Get LATEST chromedriver version for google-chrome
2026-02-28 23:49:56,683 - INFO - Get LATEST chromedriver version for google-chrome
2026-02-28 23:49:56,881 - INFO - Driver [C:\Users\Vinu\.wdm\drivers\chromedriver\win64\145.0.7632.117\chromedriver-win32/chromedriver.exe] found in cache
2026-02-28 23:49:56,881 - INFO - Driver [C:\Users\Vinu\.wdm\drivers\chromedriver\win64\145.0.7632.117\chromedriver-win32/chromedriver.exe] found in cache
2026-02-28 23:49:56,881 - INFO - Driver [C:\Users\Vinu\.wdm\drivers\chromedriver\win64\145.0.7632.117\chromedriver-win32/chromedriver.exe] found in cache
2026-02-28 23:50:00,396 - INFO - Starting Hovering Page Test
2026-02-28 23:50:00,396 - INFO - Starting Hovering Page Test
2026-02-28 23:50:00,396 - INFO - Starting Hovering Page Test
2026-02-28 23:50:07,187 - INFO - ====== WebDriver manager ======
2026-02-28 23:50:07,187 - INFO - ====== WebDriver manager ======
2026-02-28 23:50:07,187 - INFO - ====== WebDriver manager ======
2026-02-28 23:50:08,386 - INFO - Get LATEST chromedriver version for google-chrome
2026-02-28 23:50:08,386 - INFO - Get LATEST chromedriver version for google-chrome
2026-02-28 23:50:08,386 - INFO - Get LATEST chromedriver version for google-chrome
2026-02-28 23:50:08,576 - INFO - Get LATEST chromedriver version for google-chrome
2026-02-28 23:50:08,576 - INFO - Get LATEST chromedriver version for google-chrome
2026-02-28 23:50:08,576 - INFO - Get LATEST chromedriver version for google-chrome
2026-02-28 23:50:08,788 - INFO - Driver [C:\Users\Vinu\.wdm\drivers\chromedriver\win64\145.0.7632.117\chromedriver-win32/chromedriver.exe] found in cache
2026-02-28 23:50:08,788 - INFO - Driver [C:\Users\Vinu\.wdm\drivers\chromedriver\win64\145.0.7632.117\chromedriver-win32/chromedriver.exe] found in cache
2026-02-28 23:50:08,788 - INFO - Driver [C:\Users\Vinu\.wdm\drivers\chromedriver\win64\145.0.7632.117\chromedriver-win32/chromedriver.exe] found in cache
2026-02-28 23:50:12,556 - INFO - Starting Sorting High to Low Prices
2026-02-28 23:50:12,556 - INFO - Starting Sorting High to Low Prices
2026-02-28 23:50:12,556 - INFO - Starting Sorting High to Low Prices
2026-02-28 23:50:16,895 - INFO - ====== WebDriver manager ======
2026-02-28 23:50:16,895 - INFO - ====== WebDriver manager ======
2026-02-28 23:50:16,895 - INFO - ====== WebDriver manager ======
2026-02-28 23:50:18,023 - INFO - Get LATEST chromedriver version for google-chrome
2026-02-28 23:50:18,023 - INFO - Get LATEST chromedriver version for google-chrome
2026-02-28 23:50:18,023 - INFO - Get LATEST chromedriver version for google-chrome
2026-02-28 23:50:18,211 - INFO - Get LATEST chromedriver version for google-chrome
2026-02-28 23:50:18,211 - INFO - Get LATEST chromedriver version for google-chrome
2026-02-28 23:50:18,211 - INFO - Get LATEST chromedriver version for google-chrome
2026-02-28 23:50:18,403 - INFO - Driver [C:\Users\Vinu\.wdm\drivers\chromedriver\win64\145.0.7632.117\chromedriver-win32/chromedriver.exe] found in cache
2026-02-28 23:50:18,403 - INFO - Driver [C:\Users\Vinu\.wdm\drivers\chromedriver\win64\145.0.7632.117\chromedriver-win32/chromedriver.exe] found in cache
2026-02-28 23:50:18,403 - INFO - Driver [C:\Users\Vinu\.wdm\drivers\chromedriver\win64\145.0.7632.117\chromedriver-win32/chromedriver.exe] found in cache
2026-02-28 23:50:30,233 - INFO - ====== WebDriver manager ======
2026-02-28 23:50:30,233 - INFO - ====== WebDriver manager ======
2026-02-28 23:50:30,233 - INFO - ====== WebDriver manager ======
2026-02-28 23:50:31,386 - INFO - Get LATEST chromedriver version for google-chrome
2026-02-28 23:50:31,386 - INFO - Get LATEST chromedriver version for google-chrome
2026-02-28 23:50:31,386 - INFO - Get LATEST chromedriver version for google-chrome
2026-02-28 23:50:31,584 - INFO - Get LATEST chromedriver version for google-chrome
2026-02-28 23:50:31,584 - INFO - Get LATEST chromedriver version for google-chrome
2026-02-28 23:50:31,584 - INFO - Get LATEST chromedriver version for google-chrome
2026-02-28 23:50:31,790 - INFO - Driver [C:\Users\Vinu\.wdm\drivers\chromedriver\win64\145.0.7632.117\chromedriver-win32/chromedriver.exe] found in cache
2026-02-28 23:50:31,790 - INFO - Driver [C:\Users\Vinu\.wdm\drivers\chromedriver\win64\145.0.7632.117\chromedriver-win32/chromedriver.exe] found in cache
2026-02-28 23:50:31,790 - INFO - Driver [C:\Users\Vinu\.wdm\drivers\chromedriver\win64\145.0.7632.117\chromedriver-win32/chromedriver.exe] found in cache
2026-02-28 23:50:35,306 - INFO - Starting Register Test
2026-02-28 23:50:35,306 - INFO - Starting Register Test
2026-02-28 23:50:35,306 - INFO - Starting Register Test
2026-02-28 23:50:35,307 - INFO - Starting user registration
2026-02-28 23:50:35,307 - INFO - Starting user registration
2026-02-28 23:50:35,307 - INFO - Starting user registration
2026-02-28 23:50:35,859 - INFO - Clicked on Register link
2026-02-28 23:50:35,859 - INFO - Clicked on Register link
2026-02-28 23:50:35,859 - INFO - Clicked on Register link
2026-02-28 23:50:36,019 - INFO - Generated Email: test_dbsce@gmail.com
2026-02-28 23:50:36,019 - INFO - Generated Email: test_dbsce@gmail.com
2026-02-28 23:50:36,019 - INFO - Generated Email: test_dbsce@gmail.com
2026-02-28 23:50:37,532 - INFO - Clicked on Register button
2026-02-28 23:50:37,532 - INFO - Clicked on Register button
2026-02-28 23:50:37,532 - INFO - Clicked on Register button
2026-02-28 23:50:37,544 - INFO - Register Test Completed
2026-02-28 23:50:37,544 - INFO - Register Test Completed
2026-02-28 23:50:37,544 - INFO - Register Test Completed
