2026-02-28 12:23:08,076 - INFO - ====== WebDriver manager ======
2026-02-28 12:23:08,076 - INFO - ====== WebDriver manager ======
2026-02-28 12:23:14,096 - INFO - Get LATEST geckodriver version for 146.0 firefox
2026-02-28 12:23:14,096 - INFO - Get LATEST geckodriver version for 146.0 firefox
2026-02-28 12:23:16,852 - INFO - Get LATEST geckodriver version for 146.0 firefox
2026-02-28 12:23:16,852 - INFO - Get LATEST geckodriver version for 146.0 firefox
2026-02-28 12:23:18,210 - INFO - Get LATEST geckodriver version for 146.0 firefox
2026-02-28 12:23:18,210 - INFO - Get LATEST geckodriver version for 146.0 firefox
2026-02-28 12:23:20,574 - INFO - Getting latest mozilla release info for v0.36.0
2026-02-28 12:23:20,574 - INFO - Getting latest mozilla release info for v0.36.0
2026-02-28 12:23:23,225 - INFO - About to download new driver from https://github.com/mozilla/geckodriver/releases/download/v0.36.0/geckodriver-v0.36.0-win64.zip
2026-02-28 12:23:23,225 - INFO - About to download new driver from https://github.com/mozilla/geckodriver/releases/download/v0.36.0/geckodriver-v0.36.0-win64.zip
2026-02-28 12:23:26,329 - INFO - Driver downloading response is 200
2026-02-28 12:23:26,329 - INFO - Driver downloading response is 200
2026-02-28 12:23:27,420 - INFO - Get LATEST geckodriver version for 146.0 firefox
2026-02-28 12:23:27,420 - INFO - Get LATEST geckodriver version for 146.0 firefox
2026-02-28 12:23:28,861 - INFO - Driver has been saved in cache [C:\Users\abc\.wdm\drivers\geckodriver\win64\v0.36.0]
2026-02-28 12:23:28,861 - INFO - Driver has been saved in cache [C:\Users\abc\.wdm\drivers\geckodriver\win64\v0.36.0]
2026-02-28 12:23:54,815 - INFO - ====== WebDriver manager ======
2026-02-28 12:23:54,815 - INFO - ====== WebDriver manager ======
2026-02-28 12:23:59,339 - INFO - Get LATEST geckodriver version for 146.0 firefox
2026-02-28 12:23:59,339 - INFO - Get LATEST geckodriver version for 146.0 firefox
2026-02-28 12:24:01,286 - INFO - Get LATEST geckodriver version for 146.0 firefox
2026-02-28 12:24:01,286 - INFO - Get LATEST geckodriver version for 146.0 firefox
2026-02-28 12:24:03,035 - INFO - Driver [C:\Users\abc\.wdm\drivers\geckodriver\win64\v0.36.0\geckodriver.exe] found in cache
2026-02-28 12:24:03,035 - INFO - Driver [C:\Users\abc\.wdm\drivers\geckodriver\win64\v0.36.0\geckodriver.exe] found in cache
2026-02-28 12:24:19,337 - INFO - Starting Register Test
2026-02-28 12:24:19,337 - INFO - Starting Register Test
2026-02-28 12:24:19,338 - INFO - Starting user registration
2026-02-28 12:24:19,338 - INFO - Starting user registration
2026-02-28 12:24:20,531 - INFO - Clicked on Register link
2026-02-28 12:24:20,531 - INFO - Clicked on Register link
2026-02-28 12:24:20,656 - INFO - Generated Email: test_vxdoj@gmail.com
2026-02-28 12:24:20,656 - INFO - Generated Email: test_vxdoj@gmail.com
2026-02-28 12:24:22,864 - INFO - Clicked on Register button
2026-02-28 12:24:22,864 - INFO - Clicked on Register button
2026-02-28 12:24:22,872 - INFO - Register Test Completed
2026-02-28 12:24:22,872 - INFO - Register Test Completed
