2026-02-28 23:39:20,395 - INFO - ====== WebDriver manager ======
2026-02-28 23:39:20,395 - INFO - ====== WebDriver manager ======
2026-02-28 23:39:20,395 - INFO - ====== WebDriver manager ======
2026-02-28 23:39:21,590 - INFO - Get LATEST chromedriver version for google-chrome
2026-02-28 23:39:21,590 - INFO - Get LATEST chromedriver version for google-chrome
2026-02-28 23:39:21,590 - INFO - Get LATEST chromedriver version for google-chrome
2026-02-28 23:39:21,795 - INFO - Get LATEST chromedriver version for google-chrome
2026-02-28 23:39:21,795 - INFO - Get LATEST chromedriver version for google-chrome
2026-02-28 23:39:21,795 - INFO - Get LATEST chromedriver version for google-chrome
2026-02-28 23:39:21,998 - INFO - Driver [C:\Users\Vinu\.wdm\drivers\chromedriver\win64\145.0.7632.117\chromedriver-win32/chromedriver.exe] found in cache
2026-02-28 23:39:21,998 - INFO - Driver [C:\Users\Vinu\.wdm\drivers\chromedriver\win64\145.0.7632.117\chromedriver-win32/chromedriver.exe] found in cache
2026-02-28 23:39:21,998 - INFO - Driver [C:\Users\Vinu\.wdm\drivers\chromedriver\win64\145.0.7632.117\chromedriver-win32/chromedriver.exe] found in cache
2026-02-28 23:39:34,084 - INFO - ====== WebDriver manager ======
2026-02-28 23:39:34,084 - INFO - ====== WebDriver manager ======
2026-02-28 23:39:34,084 - INFO - ====== WebDriver manager ======
2026-02-28 23:39:35,379 - INFO - Get LATEST chromedriver version for google-chrome
2026-02-28 23:39:35,379 - INFO - Get LATEST chromedriver version for google-chrome
2026-02-28 23:39:35,379 - INFO - Get LATEST chromedriver version for google-chrome
2026-02-28 23:39:35,579 - INFO - Get LATEST chromedriver version for google-chrome
2026-02-28 23:39:35,579 - INFO - Get LATEST chromedriver version for google-chrome
2026-02-28 23:39:35,579 - INFO - Get LATEST chromedriver version for google-chrome
2026-02-28 23:39:35,768 - INFO - Driver [C:\Users\Vinu\.wdm\drivers\chromedriver\win64\145.0.7632.117\chromedriver-win32/chromedriver.exe] found in cache
2026-02-28 23:39:35,768 - INFO - Driver [C:\Users\Vinu\.wdm\drivers\chromedriver\win64\145.0.7632.117\chromedriver-win32/chromedriver.exe] found in cache
2026-02-28 23:39:35,768 - INFO - Driver [C:\Users\Vinu\.wdm\drivers\chromedriver\win64\145.0.7632.117\chromedriver-win32/chromedriver.exe] found in cache
2026-02-28 23:39:39,313 - INFO - Starting Electronics Page Test
2026-02-28 23:39:39,313 - INFO - Starting Electronics Page Test
2026-02-28 23:39:39,313 - INFO - Starting Electronics Page Test
2026-02-28 23:39:39,996 - INFO - Electronics Page Test Completed
2026-02-28 23:39:39,996 - INFO - Electronics Page Test Completed
2026-02-28 23:39:39,996 - INFO - Electronics Page Test Completed
2026-02-28 23:39:46,306 - INFO - ====== WebDriver manager ======
2026-02-28 23:39:46,306 - INFO - ====== WebDriver manager ======
2026-02-28 23:39:46,306 - INFO - ====== WebDriver manager ======
2026-02-28 23:39:47,457 - INFO - Get LATEST chromedriver version for google-chrome
2026-02-28 23:39:47,457 - INFO - Get LATEST chromedriver version for google-chrome
2026-02-28 23:39:47,457 - INFO - Get LATEST chromedriver version for google-chrome
2026-02-28 23:39:47,679 - INFO - Get LATEST chromedriver version for google-chrome
2026-02-28 23:39:47,679 - INFO - Get LATEST chromedriver version for google-chrome
2026-02-28 23:39:47,679 - INFO - Get LATEST chromedriver version for google-chrome
2026-02-28 23:39:48,137 - INFO - Driver [C:\Users\Vinu\.wdm\drivers\chromedriver\win64\145.0.7632.117\chromedriver-win32/chromedriver.exe] found in cache
2026-02-28 23:39:48,137 - INFO - Driver [C:\Users\Vinu\.wdm\drivers\chromedriver\win64\145.0.7632.117\chromedriver-win32/chromedriver.exe] found in cache
2026-02-28 23:39:48,137 - INFO - Driver [C:\Users\Vinu\.wdm\drivers\chromedriver\win64\145.0.7632.117\chromedriver-win32/chromedriver.exe] found in cache
2026-02-28 23:39:52,540 - INFO - Starting Camera Page Test
2026-02-28 23:39:52,540 - INFO - Starting Camera Page Test
2026-02-28 23:39:52,540 - INFO - Starting Camera Page Test
2026-02-28 23:39:54,485 - INFO - Camera Page Test Completed
2026-02-28 23:39:54,485 - INFO - Camera Page Test Completed
2026-02-28 23:39:54,485 - INFO - Camera Page Test Completed
2026-02-28 23:40:00,778 - INFO - ====== WebDriver manager ======
2026-02-28 23:40:00,778 - INFO - ====== WebDriver manager ======
2026-02-28 23:40:00,778 - INFO - ====== WebDriver manager ======
2026-02-28 23:40:02,021 - INFO - Get LATEST chromedriver version for google-chrome
2026-02-28 23:40:02,021 - INFO - Get LATEST chromedriver version for google-chrome
2026-02-28 23:40:02,021 - INFO - Get LATEST chromedriver version for google-chrome
2026-02-28 23:40:03,086 - INFO - Get LATEST chromedriver version for google-chrome
2026-02-28 23:40:03,086 - INFO - Get LATEST chromedriver version for google-chrome
2026-02-28 23:40:03,086 - INFO - Get LATEST chromedriver version for google-chrome
2026-02-28 23:40:03,626 - INFO - Driver [C:\Users\Vinu\.wdm\drivers\chromedriver\win64\145.0.7632.117\chromedriver-win32/chromedriver.exe] found in cache
2026-02-28 23:40:03,626 - INFO - Driver [C:\Users\Vinu\.wdm\drivers\chromedriver\win64\145.0.7632.117\chromedriver-win32/chromedriver.exe] found in cache
2026-02-28 23:40:03,626 - INFO - Driver [C:\Users\Vinu\.wdm\drivers\chromedriver\win64\145.0.7632.117\chromedriver-win32/chromedriver.exe] found in cache
2026-02-28 23:40:07,338 - INFO - Starting CellPhone Page Test
2026-02-28 23:40:07,338 - INFO - Starting CellPhone Page Test
2026-02-28 23:40:07,338 - INFO - Starting CellPhone Page Test
2026-02-28 23:40:08,900 - INFO - CellPhone Page Test Completed
2026-02-28 23:40:08,900 - INFO - CellPhone Page Test Completed
2026-02-28 23:40:08,900 - INFO - CellPhone Page Test Completed
2026-02-28 23:40:15,196 - INFO - ====== WebDriver manager ======
2026-02-28 23:40:15,196 - INFO - ====== WebDriver manager ======
2026-02-28 23:40:15,196 - INFO - ====== WebDriver manager ======
2026-02-28 23:40:16,355 - INFO - Get LATEST chromedriver version for google-chrome
2026-02-28 23:40:16,355 - INFO - Get LATEST chromedriver version for google-chrome
2026-02-28 23:40:16,355 - INFO - Get LATEST chromedriver version for google-chrome
2026-02-28 23:40:16,547 - INFO - Get LATEST chromedriver version for google-chrome
2026-02-28 23:40:16,547 - INFO - Get LATEST chromedriver version for google-chrome
2026-02-28 23:40:16,547 - INFO - Get LATEST chromedriver version for google-chrome
2026-02-28 23:40:16,742 - INFO - Driver [C:\Users\Vinu\.wdm\drivers\chromedriver\win64\145.0.7632.117\chromedriver-win32/chromedriver.exe] found in cache
2026-02-28 23:40:16,742 - INFO - Driver [C:\Users\Vinu\.wdm\drivers\chromedriver\win64\145.0.7632.117\chromedriver-win32/chromedriver.exe] found in cache
2026-02-28 23:40:16,742 - INFO - Driver [C:\Users\Vinu\.wdm\drivers\chromedriver\win64\145.0.7632.117\chromedriver-win32/chromedriver.exe] found in cache
2026-02-28 23:40:20,246 - INFO - Starting Hovering Page Test
2026-02-28 23:40:20,246 - INFO - Starting Hovering Page Test
2026-02-28 23:40:20,246 - INFO - Starting Hovering Page Test
2026-02-28 23:40:26,912 - INFO - ====== WebDriver manager ======
2026-02-28 23:40:26,912 - INFO - ====== WebDriver manager ======
2026-02-28 23:40:26,912 - INFO - ====== WebDriver manager ======
2026-02-28 23:40:28,066 - INFO - Get LATEST chromedriver version for google-chrome
2026-02-28 23:40:28,066 - INFO - Get LATEST chromedriver version for google-chrome
2026-02-28 23:40:28,066 - INFO - Get LATEST chromedriver version for google-chrome
2026-02-28 23:40:28,259 - INFO - Get LATEST chromedriver version for google-chrome
2026-02-28 23:40:28,259 - INFO - Get LATEST chromedriver version for google-chrome
2026-02-28 23:40:28,259 - INFO - Get LATEST chromedriver version for google-chrome
2026-02-28 23:40:28,455 - INFO - Driver [C:\Users\Vinu\.wdm\drivers\chromedriver\win64\145.0.7632.117\chromedriver-win32/chromedriver.exe] found in cache
2026-02-28 23:40:28,455 - INFO - Driver [C:\Users\Vinu\.wdm\drivers\chromedriver\win64\145.0.7632.117\chromedriver-win32/chromedriver.exe] found in cache
2026-02-28 23:40:28,455 - INFO - Driver [C:\Users\Vinu\.wdm\drivers\chromedriver\win64\145.0.7632.117\chromedriver-win32/chromedriver.exe] found in cache
2026-02-28 23:40:34,010 - INFO - Starting Sorting High to Low Prices
2026-02-28 23:40:34,010 - INFO - Starting Sorting High to Low Prices
2026-02-28 23:40:34,010 - INFO - Starting Sorting High to Low Prices
2026-02-28 23:40:38,294 - INFO - ====== WebDriver manager ======
2026-02-28 23:40:38,294 - INFO - ====== WebDriver manager ======
2026-02-28 23:40:38,294 - INFO - ====== WebDriver manager ======
2026-02-28 23:40:39,478 - INFO - Get LATEST chromedriver version for google-chrome
2026-02-28 23:40:39,478 - INFO - Get LATEST chromedriver version for google-chrome
2026-02-28 23:40:39,478 - INFO - Get LATEST chromedriver version for google-chrome
2026-02-28 23:40:39,667 - INFO - Get LATEST chromedriver version for google-chrome
2026-02-28 23:40:39,667 - INFO - Get LATEST chromedriver version for google-chrome
2026-02-28 23:40:39,667 - INFO - Get LATEST chromedriver version for google-chrome
2026-02-28 23:40:39,859 - INFO - Driver [C:\Users\Vinu\.wdm\drivers\chromedriver\win64\145.0.7632.117\chromedriver-win32/chromedriver.exe] found in cache
2026-02-28 23:40:39,859 - INFO - Driver [C:\Users\Vinu\.wdm\drivers\chromedriver\win64\145.0.7632.117\chromedriver-win32/chromedriver.exe] found in cache
2026-02-28 23:40:39,859 - INFO - Driver [C:\Users\Vinu\.wdm\drivers\chromedriver\win64\145.0.7632.117\chromedriver-win32/chromedriver.exe] found in cache
2026-02-28 23:40:51,704 - INFO - ====== WebDriver manager ======
2026-02-28 23:40:51,704 - INFO - ====== WebDriver manager ======
2026-02-28 23:40:51,704 - INFO - ====== WebDriver manager ======
2026-02-28 23:40:52,873 - INFO - Get LATEST chromedriver version for google-chrome
2026-02-28 23:40:52,873 - INFO - Get LATEST chromedriver version for google-chrome
2026-02-28 23:40:52,873 - INFO - Get LATEST chromedriver version for google-chrome
2026-02-28 23:40:53,095 - INFO - Get LATEST chromedriver version for google-chrome
2026-02-28 23:40:53,095 - INFO - Get LATEST chromedriver version for google-chrome
2026-02-28 23:40:53,095 - INFO - Get LATEST chromedriver version for google-chrome
2026-02-28 23:40:53,306 - INFO - Driver [C:\Users\Vinu\.wdm\drivers\chromedriver\win64\145.0.7632.117\chromedriver-win32/chromedriver.exe] found in cache
2026-02-28 23:40:53,306 - INFO - Driver [C:\Users\Vinu\.wdm\drivers\chromedriver\win64\145.0.7632.117\chromedriver-win32/chromedriver.exe] found in cache
2026-02-28 23:40:53,306 - INFO - Driver [C:\Users\Vinu\.wdm\drivers\chromedriver\win64\145.0.7632.117\chromedriver-win32/chromedriver.exe] found in cache
2026-02-28 23:40:56,695 - INFO - Starting Register Test
2026-02-28 23:40:56,695 - INFO - Starting Register Test
2026-02-28 23:40:56,695 - INFO - Starting Register Test
2026-02-28 23:40:56,696 - INFO - Starting user registration
2026-02-28 23:40:56,696 - INFO - Starting user registration
2026-02-28 23:40:56,696 - INFO - Starting user registration
2026-02-28 23:40:57,269 - INFO - Clicked on Register link
2026-02-28 23:40:57,269 - INFO - Clicked on Register link
2026-02-28 23:40:57,269 - INFO - Clicked on Register link
2026-02-28 23:40:57,445 - INFO - Generated Email: test_auhni@gmail.com
2026-02-28 23:40:57,445 - INFO - Generated Email: test_auhni@gmail.com
2026-02-28 23:40:57,445 - INFO - Generated Email: test_auhni@gmail.com
2026-02-28 23:40:58,930 - INFO - Clicked on Register button
2026-02-28 23:40:58,930 - INFO - Clicked on Register button
2026-02-28 23:40:58,930 - INFO - Clicked on Register button
2026-02-28 23:40:58,944 - INFO - Register Test Completed
2026-02-28 23:40:58,944 - INFO - Register Test Completed
2026-02-28 23:40:58,944 - INFO - Register Test Completed
