2026-02-28 18:53:21,290 - INFO - ====== WebDriver manager ======
2026-02-28 18:53:21,290 - INFO - ====== WebDriver manager ======
2026-02-28 18:53:21,290 - INFO - ====== WebDriver manager ======
2026-02-28 18:53:22,586 - INFO - Get LATEST chromedriver version for google-chrome
2026-02-28 18:53:22,586 - INFO - Get LATEST chromedriver version for google-chrome
2026-02-28 18:53:22,586 - INFO - Get LATEST chromedriver version for google-chrome
2026-02-28 18:53:22,871 - INFO - Get LATEST chromedriver version for google-chrome
2026-02-28 18:53:22,871 - INFO - Get LATEST chromedriver version for google-chrome
2026-02-28 18:53:22,871 - INFO - Get LATEST chromedriver version for google-chrome
2026-02-28 18:53:23,087 - INFO - Driver [C:\Users\Vinu\.wdm\drivers\chromedriver\win64\145.0.7632.117\chromedriver-win32/chromedriver.exe] found in cache
2026-02-28 18:53:23,087 - INFO - Driver [C:\Users\Vinu\.wdm\drivers\chromedriver\win64\145.0.7632.117\chromedriver-win32/chromedriver.exe] found in cache
2026-02-28 18:53:23,087 - INFO - Driver [C:\Users\Vinu\.wdm\drivers\chromedriver\win64\145.0.7632.117\chromedriver-win32/chromedriver.exe] found in cache
2026-02-28 18:53:34,944 - INFO - ====== WebDriver manager ======
2026-02-28 18:53:34,944 - INFO - ====== WebDriver manager ======
2026-02-28 18:53:34,944 - INFO - ====== WebDriver manager ======
2026-02-28 18:53:36,084 - INFO - Get LATEST chromedriver version for google-chrome
2026-02-28 18:53:36,084 - INFO - Get LATEST chromedriver version for google-chrome
2026-02-28 18:53:36,084 - INFO - Get LATEST chromedriver version for google-chrome
2026-02-28 18:53:36,272 - INFO - Get LATEST chromedriver version for google-chrome
2026-02-28 18:53:36,272 - INFO - Get LATEST chromedriver version for google-chrome
2026-02-28 18:53:36,272 - INFO - Get LATEST chromedriver version for google-chrome
2026-02-28 18:53:36,458 - INFO - Driver [C:\Users\Vinu\.wdm\drivers\chromedriver\win64\145.0.7632.117\chromedriver-win32/chromedriver.exe] found in cache
2026-02-28 18:53:36,458 - INFO - Driver [C:\Users\Vinu\.wdm\drivers\chromedriver\win64\145.0.7632.117\chromedriver-win32/chromedriver.exe] found in cache
2026-02-28 18:53:36,458 - INFO - Driver [C:\Users\Vinu\.wdm\drivers\chromedriver\win64\145.0.7632.117\chromedriver-win32/chromedriver.exe] found in cache
2026-02-28 18:53:40,091 - INFO - Starting Electronics Page Test
2026-02-28 18:53:40,091 - INFO - Starting Electronics Page Test
2026-02-28 18:53:40,091 - INFO - Starting Electronics Page Test
2026-02-28 18:53:40,820 - INFO - Electronics Page Test Completed
2026-02-28 18:53:40,820 - INFO - Electronics Page Test Completed
2026-02-28 18:53:40,820 - INFO - Electronics Page Test Completed
2026-02-28 18:53:47,139 - INFO - ====== WebDriver manager ======
2026-02-28 18:53:47,139 - INFO - ====== WebDriver manager ======
2026-02-28 18:53:47,139 - INFO - ====== WebDriver manager ======
2026-02-28 18:53:48,303 - INFO - Get LATEST chromedriver version for google-chrome
2026-02-28 18:53:48,303 - INFO - Get LATEST chromedriver version for google-chrome
2026-02-28 18:53:48,303 - INFO - Get LATEST chromedriver version for google-chrome
2026-02-28 18:53:48,501 - INFO - Get LATEST chromedriver version for google-chrome
2026-02-28 18:53:48,501 - INFO - Get LATEST chromedriver version for google-chrome
2026-02-28 18:53:48,501 - INFO - Get LATEST chromedriver version for google-chrome
2026-02-28 18:53:48,717 - INFO - Driver [C:\Users\Vinu\.wdm\drivers\chromedriver\win64\145.0.7632.117\chromedriver-win32/chromedriver.exe] found in cache
2026-02-28 18:53:48,717 - INFO - Driver [C:\Users\Vinu\.wdm\drivers\chromedriver\win64\145.0.7632.117\chromedriver-win32/chromedriver.exe] found in cache
2026-02-28 18:53:48,717 - INFO - Driver [C:\Users\Vinu\.wdm\drivers\chromedriver\win64\145.0.7632.117\chromedriver-win32/chromedriver.exe] found in cache
2026-02-28 18:53:52,178 - INFO - Starting Camera Page Test
2026-02-28 18:53:52,178 - INFO - Starting Camera Page Test
2026-02-28 18:53:52,178 - INFO - Starting Camera Page Test
2026-02-28 18:53:53,688 - INFO - Camera Page Test Completed
2026-02-28 18:53:53,688 - INFO - Camera Page Test Completed
2026-02-28 18:53:53,688 - INFO - Camera Page Test Completed
2026-02-28 18:54:00,032 - INFO - ====== WebDriver manager ======
2026-02-28 18:54:00,032 - INFO - ====== WebDriver manager ======
2026-02-28 18:54:00,032 - INFO - ====== WebDriver manager ======
2026-02-28 18:54:01,149 - INFO - Get LATEST chromedriver version for google-chrome
2026-02-28 18:54:01,149 - INFO - Get LATEST chromedriver version for google-chrome
2026-02-28 18:54:01,149 - INFO - Get LATEST chromedriver version for google-chrome
2026-02-28 18:54:01,333 - INFO - Get LATEST chromedriver version for google-chrome
2026-02-28 18:54:01,333 - INFO - Get LATEST chromedriver version for google-chrome
2026-02-28 18:54:01,333 - INFO - Get LATEST chromedriver version for google-chrome
2026-02-28 18:54:01,530 - INFO - Driver [C:\Users\Vinu\.wdm\drivers\chromedriver\win64\145.0.7632.117\chromedriver-win32/chromedriver.exe] found in cache
2026-02-28 18:54:01,530 - INFO - Driver [C:\Users\Vinu\.wdm\drivers\chromedriver\win64\145.0.7632.117\chromedriver-win32/chromedriver.exe] found in cache
2026-02-28 18:54:01,530 - INFO - Driver [C:\Users\Vinu\.wdm\drivers\chromedriver\win64\145.0.7632.117\chromedriver-win32/chromedriver.exe] found in cache
2026-02-28 18:54:05,195 - INFO - Starting CellPhone Page Test
2026-02-28 18:54:05,195 - INFO - Starting CellPhone Page Test
2026-02-28 18:54:05,195 - INFO - Starting CellPhone Page Test
2026-02-28 18:54:06,654 - INFO - CellPhone Page Test Completed
2026-02-28 18:54:06,654 - INFO - CellPhone Page Test Completed
2026-02-28 18:54:06,654 - INFO - CellPhone Page Test Completed
2026-02-28 18:54:12,933 - INFO - ====== WebDriver manager ======
2026-02-28 18:54:12,933 - INFO - ====== WebDriver manager ======
2026-02-28 18:54:12,933 - INFO - ====== WebDriver manager ======
2026-02-28 18:54:14,090 - INFO - Get LATEST chromedriver version for google-chrome
2026-02-28 18:54:14,090 - INFO - Get LATEST chromedriver version for google-chrome
2026-02-28 18:54:14,090 - INFO - Get LATEST chromedriver version for google-chrome
2026-02-28 18:54:14,282 - INFO - Get LATEST chromedriver version for google-chrome
2026-02-28 18:54:14,282 - INFO - Get LATEST chromedriver version for google-chrome
2026-02-28 18:54:14,282 - INFO - Get LATEST chromedriver version for google-chrome
2026-02-28 18:54:14,468 - INFO - Driver [C:\Users\Vinu\.wdm\drivers\chromedriver\win64\145.0.7632.117\chromedriver-win32/chromedriver.exe] found in cache
2026-02-28 18:54:14,468 - INFO - Driver [C:\Users\Vinu\.wdm\drivers\chromedriver\win64\145.0.7632.117\chromedriver-win32/chromedriver.exe] found in cache
2026-02-28 18:54:14,468 - INFO - Driver [C:\Users\Vinu\.wdm\drivers\chromedriver\win64\145.0.7632.117\chromedriver-win32/chromedriver.exe] found in cache
2026-02-28 18:54:17,896 - INFO - Starting Register Test
2026-02-28 18:54:17,896 - INFO - Starting Register Test
2026-02-28 18:54:17,896 - INFO - Starting Register Test
2026-02-28 18:54:17,896 - INFO - Starting user registration
2026-02-28 18:54:17,896 - INFO - Starting user registration
2026-02-28 18:54:17,896 - INFO - Starting user registration
2026-02-28 18:54:18,486 - INFO - Clicked on Register link
2026-02-28 18:54:18,486 - INFO - Clicked on Register link
2026-02-28 18:54:18,486 - INFO - Clicked on Register link
2026-02-28 18:54:18,673 - INFO - Generated Email: test_aptcr@gmail.com
2026-02-28 18:54:18,673 - INFO - Generated Email: test_aptcr@gmail.com
2026-02-28 18:54:18,673 - INFO - Generated Email: test_aptcr@gmail.com
2026-02-28 18:54:20,471 - INFO - Clicked on Register button
2026-02-28 18:54:20,471 - INFO - Clicked on Register button
2026-02-28 18:54:20,471 - INFO - Clicked on Register button
2026-02-28 18:54:20,483 - INFO - Register Test Completed
2026-02-28 18:54:20,483 - INFO - Register Test Completed
2026-02-28 18:54:20,483 - INFO - Register Test Completed
