2026-02-28 13:52:47,759 - INFO - ====== WebDriver manager ======
2026-02-28 13:52:47,759 - INFO - ====== WebDriver manager ======
2026-02-28 13:52:54,707 - INFO - Get LATEST chromedriver version for google-chrome
2026-02-28 13:52:54,707 - INFO - Get LATEST chromedriver version for google-chrome
2026-02-28 13:52:56,334 - INFO - Get LATEST chromedriver version for google-chrome
2026-02-28 13:52:56,334 - INFO - Get LATEST chromedriver version for google-chrome
2026-02-28 13:52:57,760 - INFO - Driver [C:\Users\abc\.wdm\drivers\chromedriver\win64\145.0.7632.117\chromedriver-win32/chromedriver.exe] found in cache
2026-02-28 13:52:57,760 - INFO - Driver [C:\Users\abc\.wdm\drivers\chromedriver\win64\145.0.7632.117\chromedriver-win32/chromedriver.exe] found in cache
2026-02-28 13:53:20,912 - INFO - ====== WebDriver manager ======
2026-02-28 13:53:20,912 - INFO - ====== WebDriver manager ======
2026-02-28 13:53:25,667 - INFO - Get LATEST chromedriver version for google-chrome
2026-02-28 13:53:25,667 - INFO - Get LATEST chromedriver version for google-chrome
2026-02-28 13:53:27,170 - INFO - Get LATEST chromedriver version for google-chrome
2026-02-28 13:53:27,170 - INFO - Get LATEST chromedriver version for google-chrome
2026-02-28 13:53:28,538 - INFO - Driver [C:\Users\abc\.wdm\drivers\chromedriver\win64\145.0.7632.117\chromedriver-win32/chromedriver.exe] found in cache
2026-02-28 13:53:28,538 - INFO - Driver [C:\Users\abc\.wdm\drivers\chromedriver\win64\145.0.7632.117\chromedriver-win32/chromedriver.exe] found in cache
2026-02-28 13:53:35,538 - INFO - Starting Register Test
2026-02-28 13:53:35,538 - INFO - Starting Register Test
2026-02-28 13:53:35,538 - INFO - Starting user registration
2026-02-28 13:53:35,538 - INFO - Starting user registration
2026-02-28 13:53:36,402 - INFO - Clicked on Register link
2026-02-28 13:53:36,402 - INFO - Clicked on Register link
2026-02-28 13:53:36,577 - INFO - Generated Email: test_wjmql@gmail.com
2026-02-28 13:53:36,577 - INFO - Generated Email: test_wjmql@gmail.com
2026-02-28 13:53:38,596 - INFO - Clicked on Register button
2026-02-28 13:53:38,596 - INFO - Clicked on Register button
2026-02-28 13:53:38,609 - INFO - Register Test Completed
2026-02-28 13:53:38,609 - INFO - Register Test Completed
