2026-02-28 15:50:50,567 - INFO - ====== WebDriver manager ======
2026-02-28 15:50:50,567 - INFO - ====== WebDriver manager ======
2026-02-28 15:50:50,567 - INFO - ====== WebDriver manager ======
2026-02-28 15:50:52,434 - INFO - Get LATEST chromedriver version for google-chrome
2026-02-28 15:50:52,434 - INFO - Get LATEST chromedriver version for google-chrome
2026-02-28 15:50:52,434 - INFO - Get LATEST chromedriver version for google-chrome
2026-02-28 15:50:53,096 - INFO - Get LATEST chromedriver version for google-chrome
2026-02-28 15:50:53,096 - INFO - Get LATEST chromedriver version for google-chrome
2026-02-28 15:50:53,096 - INFO - Get LATEST chromedriver version for google-chrome
2026-02-28 15:50:53,880 - INFO - Driver [C:\Users\Vinu\.wdm\drivers\chromedriver\win64\145.0.7632.117\chromedriver-win32/chromedriver.exe] found in cache
2026-02-28 15:50:53,880 - INFO - Driver [C:\Users\Vinu\.wdm\drivers\chromedriver\win64\145.0.7632.117\chromedriver-win32/chromedriver.exe] found in cache
2026-02-28 15:50:53,880 - INFO - Driver [C:\Users\Vinu\.wdm\drivers\chromedriver\win64\145.0.7632.117\chromedriver-win32/chromedriver.exe] found in cache
2026-02-28 15:51:06,794 - INFO - ====== WebDriver manager ======
2026-02-28 15:51:06,794 - INFO - ====== WebDriver manager ======
2026-02-28 15:51:06,794 - INFO - ====== WebDriver manager ======
2026-02-28 15:51:08,495 - INFO - Get LATEST chromedriver version for google-chrome
2026-02-28 15:51:08,495 - INFO - Get LATEST chromedriver version for google-chrome
2026-02-28 15:51:08,495 - INFO - Get LATEST chromedriver version for google-chrome
2026-02-28 15:51:09,854 - INFO - Get LATEST chromedriver version for google-chrome
2026-02-28 15:51:09,854 - INFO - Get LATEST chromedriver version for google-chrome
2026-02-28 15:51:09,854 - INFO - Get LATEST chromedriver version for google-chrome
2026-02-28 15:51:10,636 - INFO - Driver [C:\Users\Vinu\.wdm\drivers\chromedriver\win64\145.0.7632.117\chromedriver-win32/chromedriver.exe] found in cache
2026-02-28 15:51:10,636 - INFO - Driver [C:\Users\Vinu\.wdm\drivers\chromedriver\win64\145.0.7632.117\chromedriver-win32/chromedriver.exe] found in cache
2026-02-28 15:51:10,636 - INFO - Driver [C:\Users\Vinu\.wdm\drivers\chromedriver\win64\145.0.7632.117\chromedriver-win32/chromedriver.exe] found in cache
2026-02-28 15:51:16,689 - INFO - Starting Electronics Page Test
2026-02-28 15:51:16,689 - INFO - Starting Electronics Page Test
2026-02-28 15:51:16,689 - INFO - Starting Electronics Page Test
2026-02-28 15:51:18,217 - INFO - Electronics Page Test Completed
2026-02-28 15:51:18,217 - INFO - Electronics Page Test Completed
2026-02-28 15:51:18,217 - INFO - Electronics Page Test Completed
2026-02-28 15:51:20,751 - INFO - ====== WebDriver manager ======
2026-02-28 15:51:20,751 - INFO - ====== WebDriver manager ======
2026-02-28 15:51:20,751 - INFO - ====== WebDriver manager ======
2026-02-28 15:51:22,399 - INFO - Get LATEST chromedriver version for google-chrome
2026-02-28 15:51:22,399 - INFO - Get LATEST chromedriver version for google-chrome
2026-02-28 15:51:22,399 - INFO - Get LATEST chromedriver version for google-chrome
2026-02-28 15:51:23,754 - INFO - Get LATEST chromedriver version for google-chrome
2026-02-28 15:51:23,754 - INFO - Get LATEST chromedriver version for google-chrome
2026-02-28 15:51:23,754 - INFO - Get LATEST chromedriver version for google-chrome
2026-02-28 15:51:24,798 - INFO - Driver [C:\Users\Vinu\.wdm\drivers\chromedriver\win64\145.0.7632.117\chromedriver-win32/chromedriver.exe] found in cache
2026-02-28 15:51:24,798 - INFO - Driver [C:\Users\Vinu\.wdm\drivers\chromedriver\win64\145.0.7632.117\chromedriver-win32/chromedriver.exe] found in cache
2026-02-28 15:51:24,798 - INFO - Driver [C:\Users\Vinu\.wdm\drivers\chromedriver\win64\145.0.7632.117\chromedriver-win32/chromedriver.exe] found in cache
2026-02-28 15:51:31,850 - INFO - Starting Camera Page Test
2026-02-28 15:51:31,850 - INFO - Starting Camera Page Test
2026-02-28 15:51:31,850 - INFO - Starting Camera Page Test
2026-02-28 15:51:33,771 - INFO - Camera Page Test Completed
2026-02-28 15:51:33,771 - INFO - Camera Page Test Completed
2026-02-28 15:51:33,771 - INFO - Camera Page Test Completed
2026-02-28 15:51:36,051 - INFO - ====== WebDriver manager ======
2026-02-28 15:51:36,051 - INFO - ====== WebDriver manager ======
2026-02-28 15:51:36,051 - INFO - ====== WebDriver manager ======
2026-02-28 15:51:37,831 - INFO - Get LATEST chromedriver version for google-chrome
2026-02-28 15:51:37,831 - INFO - Get LATEST chromedriver version for google-chrome
2026-02-28 15:51:37,831 - INFO - Get LATEST chromedriver version for google-chrome
2026-02-28 15:51:39,147 - INFO - Get LATEST chromedriver version for google-chrome
2026-02-28 15:51:39,147 - INFO - Get LATEST chromedriver version for google-chrome
2026-02-28 15:51:39,147 - INFO - Get LATEST chromedriver version for google-chrome
2026-02-28 15:51:40,549 - INFO - Driver [C:\Users\Vinu\.wdm\drivers\chromedriver\win64\145.0.7632.117\chromedriver-win32/chromedriver.exe] found in cache
2026-02-28 15:51:40,549 - INFO - Driver [C:\Users\Vinu\.wdm\drivers\chromedriver\win64\145.0.7632.117\chromedriver-win32/chromedriver.exe] found in cache
2026-02-28 15:51:40,549 - INFO - Driver [C:\Users\Vinu\.wdm\drivers\chromedriver\win64\145.0.7632.117\chromedriver-win32/chromedriver.exe] found in cache
2026-02-28 15:51:44,374 - INFO - Starting CellPhone Page Test
2026-02-28 15:51:44,374 - INFO - Starting CellPhone Page Test
2026-02-28 15:51:44,374 - INFO - Starting CellPhone Page Test
2026-02-28 15:51:49,932 - INFO - CellPhone Page Test Completed
2026-02-28 15:51:49,932 - INFO - CellPhone Page Test Completed
2026-02-28 15:51:49,932 - INFO - CellPhone Page Test Completed
2026-02-28 15:51:52,269 - INFO - ====== WebDriver manager ======
2026-02-28 15:51:52,269 - INFO - ====== WebDriver manager ======
2026-02-28 15:51:52,269 - INFO - ====== WebDriver manager ======
2026-02-28 15:51:54,094 - INFO - Get LATEST chromedriver version for google-chrome
2026-02-28 15:51:54,094 - INFO - Get LATEST chromedriver version for google-chrome
2026-02-28 15:51:54,094 - INFO - Get LATEST chromedriver version for google-chrome
2026-02-28 15:51:55,118 - INFO - Get LATEST chromedriver version for google-chrome
2026-02-28 15:51:55,118 - INFO - Get LATEST chromedriver version for google-chrome
2026-02-28 15:51:55,118 - INFO - Get LATEST chromedriver version for google-chrome
2026-02-28 15:51:56,290 - INFO - Driver [C:\Users\Vinu\.wdm\drivers\chromedriver\win64\145.0.7632.117\chromedriver-win32/chromedriver.exe] found in cache
2026-02-28 15:51:56,290 - INFO - Driver [C:\Users\Vinu\.wdm\drivers\chromedriver\win64\145.0.7632.117\chromedriver-win32/chromedriver.exe] found in cache
2026-02-28 15:51:56,290 - INFO - Driver [C:\Users\Vinu\.wdm\drivers\chromedriver\win64\145.0.7632.117\chromedriver-win32/chromedriver.exe] found in cache
2026-02-28 15:51:58,782 - INFO - Starting Register Test
2026-02-28 15:51:58,782 - INFO - Starting Register Test
2026-02-28 15:51:58,782 - INFO - Starting Register Test
2026-02-28 15:51:58,783 - INFO - Starting user registration
2026-02-28 15:51:58,783 - INFO - Starting user registration
2026-02-28 15:51:58,783 - INFO - Starting user registration
2026-02-28 15:52:01,358 - INFO - Clicked on Register link
2026-02-28 15:52:01,358 - INFO - Clicked on Register link
2026-02-28 15:52:01,358 - INFO - Clicked on Register link
2026-02-28 15:52:01,630 - INFO - Generated Email: test_ncqtp@gmail.com
2026-02-28 15:52:01,630 - INFO - Generated Email: test_ncqtp@gmail.com
2026-02-28 15:52:01,630 - INFO - Generated Email: test_ncqtp@gmail.com
2026-02-28 15:52:04,529 - INFO - Clicked on Register button
2026-02-28 15:52:04,529 - INFO - Clicked on Register button
2026-02-28 15:52:04,529 - INFO - Clicked on Register button
2026-02-28 15:52:04,543 - INFO - Register Test Completed
2026-02-28 15:52:04,543 - INFO - Register Test Completed
2026-02-28 15:52:04,543 - INFO - Register Test Completed
