2026-03-01 14:03:13,990 - INFO - Starting Electronics Page Test
2026-03-01 14:03:13,990 - INFO - Starting Electronics Page Test
2026-03-01 14:03:13,990 - INFO - Starting Electronics Page Test
2026-03-01 14:03:15,075 - INFO - Electronics Page Test Completed
2026-03-01 14:03:15,075 - INFO - Electronics Page Test Completed
2026-03-01 14:03:15,075 - INFO - Electronics Page Test Completed
2026-03-01 14:03:25,159 - INFO - Starting Camera Page Test
2026-03-01 14:03:25,159 - INFO - Starting Camera Page Test
2026-03-01 14:03:25,159 - INFO - Starting Camera Page Test
2026-03-01 14:03:27,237 - INFO - Camera Page Test Completed
2026-03-01 14:03:27,237 - INFO - Camera Page Test Completed
2026-03-01 14:03:27,237 - INFO - Camera Page Test Completed
2026-03-01 14:03:37,188 - INFO - Starting CellPhone Page Test
2026-03-01 14:03:37,188 - INFO - Starting CellPhone Page Test
2026-03-01 14:03:37,188 - INFO - Starting CellPhone Page Test
2026-03-01 14:03:39,046 - INFO - CellPhone Page Test Completed
2026-03-01 14:03:39,046 - INFO - CellPhone Page Test Completed
2026-03-01 14:03:39,046 - INFO - CellPhone Page Test Completed
2026-03-01 14:03:48,993 - INFO - Starting Hovering Page Test
2026-03-01 14:03:48,993 - INFO - Starting Hovering Page Test
2026-03-01 14:03:48,993 - INFO - Starting Hovering Page Test
2026-03-01 14:03:59,327 - INFO - Starting Sorting High to Low Prices
2026-03-01 14:03:59,327 - INFO - Starting Sorting High to Low Prices
2026-03-01 14:03:59,327 - INFO - Starting Sorting High to Low Prices
2026-03-01 14:05:15,403 - INFO - Starting Register Test
2026-03-01 14:05:15,403 - INFO - Starting Register Test
2026-03-01 14:05:15,403 - INFO - Starting Register Test
2026-03-01 14:05:15,403 - INFO - Starting user registration
2026-03-01 14:05:15,403 - INFO - Starting user registration
2026-03-01 14:05:15,403 - INFO - Starting user registration
2026-03-01 14:05:16,451 - INFO - Clicked on Register link
2026-03-01 14:05:16,451 - INFO - Clicked on Register link
2026-03-01 14:05:16,451 - INFO - Clicked on Register link
2026-03-01 14:05:16,631 - INFO - Generated Email: test_smndp@gmail.com
2026-03-01 14:05:16,631 - INFO - Generated Email: test_smndp@gmail.com
2026-03-01 14:05:16,631 - INFO - Generated Email: test_smndp@gmail.com
2026-03-01 14:05:18,353 - INFO - Clicked on Register button
2026-03-01 14:05:18,353 - INFO - Clicked on Register button
2026-03-01 14:05:18,353 - INFO - Clicked on Register button
2026-03-01 14:05:18,363 - INFO - Register Test Completed
2026-03-01 14:05:18,363 - INFO - Register Test Completed
2026-03-01 14:05:18,363 - INFO - Register Test Completed
